<?xml version="1.0" encoding="UTF-8"?>
<!-- Generated by org.testng.reporters.JUnitXMLReporter -->
<testsuite ignored="3" hostname="LAPTOP-BNJ2H6K5" failures="0" tests="1" name="EdgeTest" time="64.279" errors="0" timestamp="2025-01-31T11:17:39 IST">
  <testcase classname="testClass.LoginTest" name="verifyInvalidUsernameAndCorrectPassword" time="4.292"/>
  <testcase classname="testClass.LoginTest" name="verifyCorrectUsernameAndPassword" time="0.0">
    <ignored/>
  </testcase> <!-- verifyCorrectUsernameAndPassword -->
  <testcase classname="testClass.LoginTest" name="verifyCorrectUsernameAndInvalidPassword" time="0.0">
    <ignored/>
  </testcase> <!-- verifyCorrectUsernameAndInvalidPassword -->
  <testcase classname="testClass.LoginTest" name="verifyInvalidUsernameAndPassword" time="0.0">
    <ignored/>
  </testcase> <!-- verifyInvalidUsernameAndPassword -->
</testsuite> <!-- EdgeTest -->
